<?xml version="1.0" encoding="UTF-8"?>
<!-- Generated by org.testng.reporters.JUnitReportReporter -->
<testsuite hostname="selldo-Vostro-3583" failures="0" tests="1" name="userManagementPack.CreatingSalesUserTest" time="0.000" errors="0" timestamp="01 Sep 2021 14:16:28 GMT" skipped="1">
  <testcase classname="userManagementPack.CreatingSalesUserTest" name="creatingSalesUserTest" time="0.000">
    <skipped/>
  </testcase> <!-- creatingSalesUserTest -->
</testsuite> <!-- userManagementPack.CreatingSalesUserTest -->
