<?xml version="1.0" encoding="UTF-8"?>
<!-- Generated by org.testng.reporters.JUnitReportReporter -->
<testsuite hostname="selldo-Vostro-3583" failures="0" tests="3" name="campaignSetupPack.RoiConfigurationTest" time="47.920" errors="0" timestamp="11 Aug 2021 09:33:20 GMT" skipped="0">
  <testcase classname="campaignSetupPack.RoiConfigurationTest" name="addingNewRoiConfigurationTest" time="29.209"/>
  <testcase classname="campaignSetupPack.RoiConfigurationTest" name="editingRoiConfigurationTest" time="11.716"/>
  <testcase classname="campaignSetupPack.RoiConfigurationTest" name="deletingRoiConfigurationTest" time="6.995"/>
</testsuite> <!-- campaignSetupPack.RoiConfigurationTest -->
