<?xml version="1.0" encoding="UTF-8"?>
<!-- Generated by org.testng.reporters.JUnitReportReporter -->
<testsuite hostname="selldo-Vostro-3583" failures="0" tests="1" name="leadStagesPack.ChangingStage_ProspectToUnqualifiedTest" time="42.272" errors="0" timestamp="12 Jun 2021 16:57:56 GMT" skipped="0">
  <testcase classname="leadStagesPack.ChangingStage_ProspectToUnqualifiedTest" name="changingStage_ProspectToUnqualifiedTest" time="42.272"/>
</testsuite> <!-- leadStagesPack.ChangingStage_ProspectToUnqualifiedTest -->
