<?xml version="1.0" encoding="UTF-8"?>
<!-- Generated by org.testng.reporters.JUnitReportReporter -->
<testsuite hostname="selldo-Vostro-3583" failures="0" tests="1" name="userManagementPack.CreatingClient_UnfilledformTest" time="7.345" errors="0" timestamp="30 Jun 2021 10:56:35 GMT" skipped="0">
  <testcase classname="userManagementPack.CreatingClient_UnfilledformTest" name="creatingClient_UnfilledformTest" time="7.345"/>
</testsuite> <!-- userManagementPack.CreatingClient_UnfilledformTest -->
