<?xml version="1.0" encoding="UTF-8"?>
<!-- Generated by org.testng.reporters.JUnitReportReporter -->
<testsuite hostname="selldo-Vostro-3583" failures="0" tests="1" name="login.PresalesManager_LoginTest" time="6.932" errors="0" timestamp="08 Jul 2021 11:31:47 GMT" skipped="0">
  <testcase classname="login.PresalesManager_LoginTest" name="presalesManagerLoginTest" time="6.932"/>
</testsuite> <!-- login.PresalesManager_LoginTest -->
