<?xml version="1.0" encoding="UTF-8"?>
<!-- Generated by org.testng.reporters.JUnitReportReporter -->
<testsuite hostname="yash-Latitude-3420" failures="0" tests="1" name="login.SalesManager_LoginTest" time="8.994" errors="0" timestamp="11 Apr 2022 10:18:02 GMT" skipped="0">
  <testcase classname="login.SalesManager_LoginTest" name="salesManagerLoginTest" time="8.994"/>
</testsuite> <!-- login.SalesManager_LoginTest -->
