<?xml version="1.0" encoding="UTF-8"?>
<!-- Generated by org.testng.reporters.JUnitReportReporter -->
<testsuite hostname="yash-Latitude-3420" failures="0" tests="1" name="leadActivities.AddingANoteTest" time="10.811" errors="0" timestamp="11 Apr 2022 11:08:42 GMT" skipped="0">
  <testcase classname="leadActivities.AddingANoteTest" name="addingNoteTest" time="10.811"/>
</testsuite> <!-- leadActivities.AddingANoteTest -->
