<?xml version="1.0" encoding="UTF-8"?>
<!-- Generated by org.testng.reporters.JUnitReportReporter -->
<testsuite hostname="selldo-Vostro-3583" failures="0" tests="1" name="login.SuperAdmin_LoginTest" time="24.439" errors="0" timestamp="08 Jul 2021 11:31:47 GMT" skipped="0">
  <testcase classname="login.SuperAdmin_LoginTest" name="superAdmin_LoginTest" time="24.439"/>
</testsuite> <!-- login.SuperAdmin_LoginTest -->
