<?xml version="1.0" encoding="UTF-8"?>
<!-- Generated by org.testng.reporters.JUnitReportReporter -->
<testsuite hostname="selldo-Vostro-3583" failures="0" tests="1" name="userManagementPack.CreatingSalesUserTest" time="41.921" errors="0" timestamp="30 Jun 2021 10:56:35 GMT" skipped="0">
  <testcase classname="userManagementPack.CreatingSalesUserTest" name="creatingSalesUserTest" time="41.921"/>
</testsuite> <!-- userManagementPack.CreatingSalesUserTest -->
