<?xml version="1.0" encoding="UTF-8"?>
<!-- Generated by org.testng.reporters.JUnitReportReporter -->
<testsuite hostname="yash-Latitude-3420" failures="0" tests="1" name="login.PostSalesManager_LoginTest" time="22.666" errors="0" timestamp="11 Apr 2022 10:24:56 GMT" skipped="0">
  <testcase classname="login.PostSalesManager_LoginTest" name="postsalesManagerLoginTest" time="22.666"/>
</testsuite> <!-- login.PostSalesManager_LoginTest -->
