<?xml version="1.0" encoding="UTF-8"?>
<!-- Generated by org.testng.reporters.JUnitReportReporter -->
<testsuite hostname="yash-Latitude-3420" failures="0" tests="1" name="dashboardBucketsPack.MissedCalls_VerificationTest" time="10.326" errors="0" timestamp="12 Apr 2022 10:41:01 GMT" skipped="0">
  <testcase classname="dashboardBucketsPack.MissedCalls_VerificationTest" name="missedCalls_VerificationTest" time="10.326"/>
</testsuite> <!-- dashboardBucketsPack.MissedCalls_VerificationTest -->
