<?xml version="1.0" encoding="UTF-8"?>
<!-- Generated by org.testng.reporters.JUnitReportReporter -->
<testsuite hostname="selldo-Vostro-3583" failures="0" tests="1" name="exportPackage.ExportInvoices_ItemizedBill_EmailTest" time="0.000" errors="0" timestamp="01 Sep 2021 14:16:28 GMT" skipped="1">
  <testcase classname="exportPackage.ExportInvoices_ItemizedBill_EmailTest" name="exportInvoices_ItemizedBill_EmailTest" time="0.000">
    <skipped/>
  </testcase> <!-- exportInvoices_ItemizedBill_EmailTest -->
</testsuite> <!-- exportPackage.ExportInvoices_ItemizedBill_EmailTest -->
