<?xml version="1.0" encoding="UTF-8"?>
<!-- Generated by org.testng.reporters.JUnitReportReporter -->
<testsuite hostname="yash-Latitude-3420" failures="0" tests="1" name="login.Admin_LoginTest" time="8.028" errors="0" timestamp="14 Apr 2022 12:23:27 GMT" skipped="0">
  <testcase classname="login.Admin_LoginTest" name="adminLoginTest" time="8.028"/>
</testsuite> <!-- login.Admin_LoginTest -->
