<?xml version="1.0" encoding="UTF-8"?>
<!-- Generated by org.testng.reporters.JUnitReportReporter -->
<testsuite hostname="yash-Latitude-3420" failures="0" tests="1" name="login.Presales_LoginTest" time="10.374" errors="0" timestamp="11 Apr 2022 10:15:30 GMT" skipped="0">
  <testcase classname="login.Presales_LoginTest" name="presalesLoginTest" time="10.374"/>
</testsuite> <!-- login.Presales_LoginTest -->
