<?xml version="1.0" encoding="UTF-8"?>
<!-- Generated by org.testng.reporters.JUnitReportReporter -->
<testsuite hostname="yash-Latitude-3420" failures="0" tests="1" name="login.SupportManager_LoginTest" time="34.665" errors="0" timestamp="11 Apr 2022 10:20:43 GMT" skipped="0">
  <testcase classname="login.SupportManager_LoginTest" name="supportManager_LoginTest" time="34.665"/>
</testsuite> <!-- login.SupportManager_LoginTest -->
