<?xml version="1.0" encoding="UTF-8"?>
<!-- Generated by org.testng.reporters.JUnitReportReporter -->
<testsuite hostname="selldo-Vostro-3583" failures="0" tests="1" name="listsPack.EditingBookingListTest" time="0.000" errors="0" timestamp="11 Jun 2021 12:22:01 GMT" skipped="1">
  <testcase classname="listsPack.EditingBookingListTest" name="editingBookingListTest" time="0.000">
    <skipped/>
  </testcase> <!-- editingBookingListTest -->
</testsuite> <!-- listsPack.EditingBookingListTest -->
