<?xml version="1.0" encoding="UTF-8"?>
<!-- Generated by org.testng.reporters.JUnitReportReporter -->
<testsuite hostname="selldo-Vostro-3583" failures="0" tests="1" name="login.SalesManager_LoginTest" time="9.774" errors="0" timestamp="08 Jul 2021 11:31:47 GMT" skipped="0">
  <testcase classname="login.SalesManager_LoginTest" name="salesManagerLoginTest" time="9.774"/>
</testsuite> <!-- login.SalesManager_LoginTest -->
