<?xml version="1.0" encoding="UTF-8"?>
<!-- Generated by org.testng.reporters.JUnitReportReporter -->
<testsuite hostname="selldo-Vostro-3583" failures="0" tests="1" name="leadActivities.AddConductedSiteVisitTest" time="21.140" errors="0" timestamp="12 Jun 2021 18:19:38 GMT" skipped="0">
  <testcase classname="leadActivities.AddConductedSiteVisitTest" name="addConductedSiteVisitTest" time="21.140"/>
</testsuite> <!-- leadActivities.AddConductedSiteVisitTest -->
