<?xml version="1.0" encoding="UTF-8"?>
<!-- Generated by org.testng.reporters.JUnitReportReporter -->
<testsuite hostname="selldo-Vostro-3583" failures="0" tests="1" name="leadStagesPack.ChangingStage_BookedToProspectTest" time="35.102" errors="0" timestamp="09 Aug 2021 06:02:27 GMT" skipped="0">
  <testcase classname="leadStagesPack.ChangingStage_BookedToProspectTest" name="changingStage_BookedToProspectTest" time="35.102"/>
</testsuite> <!-- leadStagesPack.ChangingStage_BookedToProspectTest -->
