<?xml version="1.0" encoding="UTF-8"?>
<!-- Generated by org.testng.reporters.JUnitReportReporter -->
<testsuite hostname="yash-Latitude-3420" failures="0" tests="1" name="otherLeadActivitiesPack.ReassigningLeadTest" time="57.075" errors="0" timestamp="11 Apr 2022 11:38:19 GMT" skipped="0">
  <testcase classname="otherLeadActivitiesPack.ReassigningLeadTest" name="reassigningLeadTest" time="57.075"/>
</testsuite> <!-- otherLeadActivitiesPack.ReassigningLeadTest -->
