<?xml version="1.0" encoding="UTF-8"?>
<!-- Generated by org.testng.reporters.JUnitReportReporter -->
<testsuite hostname="selldo-Vostro-3583" failures="0" tests="1" name="leadActivities.AddTaskTest" time="24.826" errors="0" timestamp="13 Jun 2021 13:39:42 GMT" skipped="0">
  <testcase classname="leadActivities.AddTaskTest" name="changingTaskStatusTest" time="24.826"/>
</testsuite> <!-- leadActivities.AddTaskTest -->
