<?xml version="1.0" encoding="UTF-8"?>
<!-- Generated by org.testng.reporters.JUnitReportReporter -->
<testsuite hostname="yash-Latitude-3420" failures="0" tests="1" name="login.Sales_LoginTest" time="8.036" errors="0" timestamp="11 Apr 2022 10:16:10 GMT" skipped="0">
  <testcase classname="login.Sales_LoginTest" name="salesLoginTest" time="8.036"/>
</testsuite> <!-- login.Sales_LoginTest -->
