<?xml version="1.0" encoding="UTF-8"?>
<!-- Generated by org.testng.reporters.JUnitReportReporter -->
<testsuite hostname="yash-Latitude-3420" failures="0" tests="1" name="workingTestscripts.NFA_VerificationTest" time="0.001" errors="0" timestamp="13 Apr 2022 10:16:21 GMT" skipped="1">
  <testcase classname="workingTestscripts.NFA_VerificationTest" name="nFA_VerificationTest" time="0.001">
    <skipped/>
  </testcase> <!-- nFA_VerificationTest -->
</testsuite> <!-- workingTestscripts.NFA_VerificationTest -->
