<?xml version="1.0" encoding="UTF-8"?>
<!-- Generated by org.testng.reporters.JUnitReportReporter -->
<testsuite hostname="yash-Latitude-3420" failures="0" tests="1" name="dashboardBucketsPack.MissedSitevisit_VerificationTest" time="39.178" errors="0" timestamp="12 Apr 2022 10:44:57 GMT" skipped="0">
  <testcase classname="dashboardBucketsPack.MissedSitevisit_VerificationTest" name="missedSitevisit_VerificationTest" time="39.178"/>
</testsuite> <!-- dashboardBucketsPack.MissedSitevisit_VerificationTest -->
