<?xml version="1.0" encoding="UTF-8"?>
<!-- Generated by org.testng.reporters.JUnitReportReporter -->
<testsuite hostname="yash-Latitude-3420" failures="0" tests="1" name="dashboardBucketsPack.MissedFollowup_VerificationTest" time="45.141" errors="0" timestamp="12 Apr 2022 10:42:17 GMT" skipped="0">
  <testcase classname="dashboardBucketsPack.MissedFollowup_VerificationTest" name="missedFollowup_VerificationTest" time="45.141"/>
</testsuite> <!-- dashboardBucketsPack.MissedFollowup_VerificationTest -->
