<?xml version="1.0" encoding="UTF-8"?>
<!-- Generated by org.testng.reporters.JUnitReportReporter -->
<testsuite hostname="selldo-Vostro-3583" failures="0" tests="1" name="leadActivities.ChangingTaskStatusTest" time="22.239" errors="0" timestamp="12 Jun 2021 19:40:11 GMT" skipped="0">
  <testcase classname="leadActivities.ChangingTaskStatusTest" name="changingTaskStatusTest" time="22.239"/>
</testsuite> <!-- leadActivities.ChangingTaskStatusTest -->
