<?xml version="1.0" encoding="UTF-8"?>
<!-- Generated by org.testng.reporters.JUnitReportReporter -->
<testsuite hostname="selldo-Vostro-3583" failures="0" tests="1" name="campaignSetupPack.CreatingCampaign_MandatoryFillTest" time="75.230" errors="0" timestamp="11 Aug 2021 09:33:20 GMT" skipped="0">
  <testcase classname="campaignSetupPack.CreatingCampaign_MandatoryFillTest" name="creatingCampaign_MandatoryFillTest" time="75.230"/>
</testsuite> <!-- campaignSetupPack.CreatingCampaign_MandatoryFillTest -->
