<?xml version="1.0" encoding="UTF-8"?>
<!-- Generated by org.testng.reporters.JUnitReportReporter -->
<testsuite hostname="selldo-Vostro-3583" failures="0" tests="1" name="exportPackage.ExportCampaignsTest" time="0.000" errors="0" timestamp="30 Jun 2021 08:27:05 GMT" skipped="1">
  <testcase classname="exportPackage.ExportCampaignsTest" name="exportCampaignsTest" time="0.000">
    <skipped/>
  </testcase> <!-- exportCampaignsTest -->
</testsuite> <!-- exportPackage.ExportCampaignsTest -->
