<?xml version="1.0" encoding="UTF-8"?>
<!-- Generated by org.testng.reporters.JUnitReportReporter -->
<testsuite hostname="yash-Latitude-3420" failures="0" tests="1" name="workingTestscripts.FollowupTests" time="0.000" errors="0" timestamp="13 Apr 2022 10:16:21 GMT" skipped="1">
  <testcase classname="workingTestscripts.FollowupTests" name="scheduleFollowup" time="0.000">
    <skipped/>
  </testcase> <!-- scheduleFollowup -->
</testsuite> <!-- workingTestscripts.FollowupTests -->
