<?xml version="1.0" encoding="UTF-8"?>
<!-- Generated by org.testng.reporters.JUnitReportReporter -->
<testsuite hostname="yash-Latitude-3420" failures="0" tests="1" name="dashboardBucketsPack.NewEnquiries_VerificationTest" time="24.194" errors="0" timestamp="12 Apr 2022 11:11:24 GMT" skipped="0">
  <testcase classname="dashboardBucketsPack.NewEnquiries_VerificationTest" name="newEnquiries_VerificationTest" time="24.194"/>
</testsuite> <!-- dashboardBucketsPack.NewEnquiries_VerificationTest -->
