<?xml version="1.0" encoding="UTF-8"?>
<!-- Generated by org.testng.reporters.JUnitReportReporter -->
<testsuite hostname="yash-Latitude-3420" failures="0" tests="1" name="leadActivities.FollowupTests" time="83.081" errors="0" timestamp="11 Apr 2022 11:15:14 GMT" skipped="0">
  <testcase classname="leadActivities.FollowupTests" name="scheduleFollowup" time="83.081"/>
</testsuite> <!-- leadActivities.FollowupTests -->
