<?xml version="1.0" encoding="UTF-8"?>
<!-- Generated by org.testng.reporters.JUnitReportReporter -->
<testsuite hostname="selldo-Vostro-3583" failures="0" tests="1" name="login.Admin_LoginTest" time="27.178" errors="0" timestamp="10 Aug 2021 06:26:23 GMT" skipped="0">
  <testcase classname="login.Admin_LoginTest" name="adminLoginTest" time="27.178"/>
</testsuite> <!-- login.Admin_LoginTest -->
