<?xml version="1.0" encoding="UTF-8"?>
<!-- Generated by org.testng.reporters.JUnitReportReporter -->
<testsuite hostname="selldo-Vostro-3583" failures="0" tests="1" name="userManagementPack.CreatingPostsalesManagerTest" time="43.716" errors="0" timestamp="30 Jun 2021 10:56:35 GMT" skipped="0">
  <testcase classname="userManagementPack.CreatingPostsalesManagerTest" name="creatingPostsalesManagerTest" time="43.716"/>
</testsuite> <!-- userManagementPack.CreatingPostsalesManagerTest -->
