<?xml version="1.0" encoding="UTF-8"?>
<!-- Generated by org.testng.reporters.JUnitReportReporter -->
<testsuite hostname="yash-Latitude-3420" failures="0" tests="1" name="dashboardBucketsPack.TodaysSitevisit_VerificationTest" time="35.947" errors="0" timestamp="12 Apr 2022 12:19:53 GMT" skipped="0">
  <testcase classname="dashboardBucketsPack.TodaysSitevisit_VerificationTest" name="todaysSitevisit_VerificationTest" time="35.947"/>
</testsuite> <!-- dashboardBucketsPack.TodaysSitevisit_VerificationTest -->
