<?xml version="1.0" encoding="UTF-8"?>
<!-- Generated by org.testng.reporters.JUnitReportReporter -->
<testsuite hostname="selldo-Vostro-3583" failures="0" tests="1" name="inventory.EditingFloorPlanTest" time="249.501" errors="0" timestamp="11 Aug 2021 09:00:27 GMT" skipped="0">
  <testcase classname="inventory.EditingFloorPlanTest" name="editingFloorPlanTest" time="249.501"/>
</testsuite> <!-- inventory.EditingFloorPlanTest -->
