<?xml version="1.0" encoding="UTF-8"?>
<!-- Generated by org.testng.reporters.JUnitReportReporter -->
<testsuite hostname="selldo-Vostro-3583" failures="0" tests="1" name="otherLeadActivitiesPack.DocumentTest" time="8.161" errors="0" timestamp="12 Jul 2021 15:04:07 GMT" skipped="0">
  <testcase classname="otherLeadActivitiesPack.DocumentTest" name="searchingFileTest" time="8.161"/>
</testsuite> <!-- otherLeadActivitiesPack.DocumentTest -->
