<?xml version="1.0" encoding="UTF-8"?>
<!-- Generated by org.testng.reporters.JUnitReportReporter -->
<testsuite hostname="selldo-Vostro-3583" failures="0" tests="1" name="otherLeadActivitiesPack.AddingNewLeadTest" time="23.515" errors="0" timestamp="17 Aug 2021 09:03:58 GMT" skipped="0">
  <testcase classname="otherLeadActivitiesPack.AddingNewLeadTest" name="addingNewLeadTest" time="23.515"/>
</testsuite> <!-- otherLeadActivitiesPack.AddingNewLeadTest -->
