<?xml version="1.0" encoding="UTF-8"?>
<!-- Generated by org.testng.reporters.JUnitReportReporter -->
<testsuite hostname="yash-Latitude-3420" failures="0" tests="1" name="login.PresalesManager_LoginTest" time="7.799" errors="0" timestamp="11 Apr 2022 10:26:09 GMT" skipped="0">
  <testcase classname="login.PresalesManager_LoginTest" name="presalesManagerLoginTest" time="7.799"/>
</testsuite> <!-- login.PresalesManager_LoginTest -->
