<?xml version="1.0" encoding="UTF-8"?>
<!-- Generated by org.testng.reporters.JUnitReportReporter -->
<testsuite hostname="selldo-Vostro-3583" failures="0" tests="1" name="PostSalesPack.addingNewTaskTest" time="36.677" errors="0" timestamp="27 Aug 2021 10:31:31 GMT" skipped="0">
  <testcase classname="PostSalesPack.addingNewTaskTest" name="addingNewTaskTest" time="36.677"/>
</testsuite> <!-- PostSalesPack.addingNewTaskTest -->
