<?xml version="1.0" encoding="UTF-8"?>
<!-- Generated by org.testng.reporters.JUnitReportReporter -->
<testsuite hostname="yash-Latitude-3420" failures="0" tests="1" name="leadActivities.AddConductedSiteVisitTest" time="19.656" errors="0" timestamp="11 Apr 2022 11:08:02 GMT" skipped="0">
  <testcase classname="leadActivities.AddConductedSiteVisitTest" name="addConductedSiteVisitTest" time="19.656"/>
</testsuite> <!-- leadActivities.AddConductedSiteVisitTest -->
