<?xml version="1.0" encoding="UTF-8"?>
<!-- Generated by org.testng.reporters.JUnitReportReporter -->
<testsuite hostname="selldo-Vostro-3583" failures="0" tests="1" name="leadActivities.AddingANoteTest" time="11.550" errors="0" timestamp="12 Jun 2021 18:26:18 GMT" skipped="0">
  <testcase classname="leadActivities.AddingANoteTest" name="addingNoteTest" time="11.550"/>
</testsuite> <!-- leadActivities.AddingANoteTest -->
