<?xml version="1.0" encoding="UTF-8"?>
<!-- Generated by org.testng.reporters.JUnitReportReporter -->
<testsuite hostname="yash-Latitude-3420" failures="0" tests="1" name="dashboardBucketsPack.NFA_VerificationTest" time="62.084" errors="0" timestamp="12 Apr 2022 11:20:14 GMT" skipped="0">
  <testcase classname="dashboardBucketsPack.NFA_VerificationTest" name="nFA_VerificationTest" time="62.084"/>
</testsuite> <!-- dashboardBucketsPack.NFA_VerificationTest -->
