<?xml version="1.0" encoding="UTF-8"?>
<!-- Generated by org.testng.reporters.JUnitReportReporter -->
<testsuite hostname="yash-Latitude-3420" failures="0" tests="1" name="login.Postsales_LoginTest" time="21.604" errors="0" timestamp="11 Apr 2022 10:22:46 GMT" skipped="0">
  <testcase classname="login.Postsales_LoginTest" name="postsalesLoginTest" time="21.604"/>
</testsuite> <!-- login.Postsales_LoginTest -->
