<?xml version="1.0" encoding="UTF-8"?>
<!-- Generated by org.testng.reporters.JUnitReportReporter -->
<testsuite hostname="yash-Latitude-3420" failures="0" tests="1" name="login.SuperAdmin_LoginTest" time="38.314" errors="0" timestamp="12 Apr 2022 10:29:42 GMT" skipped="0">
  <testcase classname="login.SuperAdmin_LoginTest" name="superAdmin_LoginTest" time="38.314"/>
</testsuite> <!-- login.SuperAdmin_LoginTest -->
