<?xml version="1.0" encoding="UTF-8"?>
<!-- Generated by org.testng.reporters.JUnitReportReporter -->
<testsuite hostname="selldo-Vostro-3583" failures="0" tests="1" name="exportPackage.ExportVirtualNumbersTest" time="0.000" errors="0" timestamp="30 Jun 2021 08:27:05 GMT" skipped="1">
  <testcase classname="exportPackage.ExportVirtualNumbersTest" name="exportVirtualNumbersTest" time="0.000">
    <skipped/>
  </testcase> <!-- exportVirtualNumbersTest -->
</testsuite> <!-- exportPackage.ExportVirtualNumbersTest -->
