<?xml version="1.0" encoding="UTF-8"?>
<!-- Generated by org.testng.reporters.JUnitReportReporter -->
<testsuite hostname="yash-Latitude-3420" failures="0" tests="1" name="leadStagesPack.ChangingStage_IncomingToProspectTest" time="40.713" errors="0" timestamp="11 Apr 2022 11:25:15 GMT" skipped="0">
  <testcase classname="leadStagesPack.ChangingStage_IncomingToProspectTest" name="changingStage_IncomingToProspectTest" time="40.713"/>
</testsuite> <!-- leadStagesPack.ChangingStage_IncomingToProspectTest -->
