<?xml version="1.0" encoding="UTF-8"?>
<!-- Generated by org.testng.reporters.JUnitReportReporter -->
<testsuite hostname="selldo-Vostro-3583" failures="0" tests="1" name="inventory.SearchingProjectTest" time="16.855" errors="0" timestamp="11 Aug 2021 09:00:27 GMT" skipped="0">
  <testcase classname="inventory.SearchingProjectTest" name="searchingProjectTest" time="16.855"/>
</testsuite> <!-- inventory.SearchingProjectTest -->
