<?xml version="1.0" encoding="UTF-8"?>
<!-- Generated by org.testng.reporters.JUnitReportReporter -->
<testsuite hostname="yash-Latitude-3420" failures="0" tests="1" name="dashboardBucketsPack.TodaysFollowup_VerificationTest" time="65.762" errors="0" timestamp="12 Apr 2022 12:14:23 GMT" skipped="0">
  <testcase classname="dashboardBucketsPack.TodaysFollowup_VerificationTest" name="todaysFollowup_VerificationTest" time="65.762"/>
</testsuite> <!-- dashboardBucketsPack.TodaysFollowup_VerificationTest -->
